# JRE version: Java(TM) SE Runtime Environment (8.0_121-b13) (build 1.8.0_121-b13)
# Java VM: Java HotSpot(TM) 64-Bit Server VM (25.121-b13 mixed mode linux-amd64 compressed oops)
Heap:
 def new generation   total 35328K, used 31122K [0x00000000f0000000, 0x00000000f2650000, 0x00000000f5550000)
  eden space 31424K,  88% used [0x00000000f0000000, 0x00000000f1b10b20, 0x00000000f1eb0000)
  from space 3904K,  87% used [0x00000000f2280000, 0x00000000f25d3f50, 0x00000000f2650000)
  to   space 3904K,   0% used [0x00000000f1eb0000, 0x00000000f1eb0000, 0x00000000f2280000)
 tenured generation   total 78428K, used 50323K [0x00000000f5550000, 0x00000000fa1e7000, 0x0000000100000000)
   the space 78428K,  64% used [0x00000000f5550000, 0x00000000f8674dd0, 0x00000000f8674e00, 0x00000000fa1e7000)
 Metaspace       used 32131K, capacity 32332K, committed 32640K, reserved 1077248K
  class space    used 5365K, capacity 5444K, committed 5504K, reserved 1048576K
GC Heap History (10 events):
Event: 4.477 GC heap before
{Heap before GC invocations=9 (full 2):
 def new generation   total 24768K, used 24768K [0x00000000f0000000, 0x00000000f1ae0000, 0x00000000f5550000)
  eden space 22016K, 100% used [0x00000000f0000000, 0x00000000f1580000, 0x00000000f1580000)
  from space 2752K, 100% used [0x00000000f1830000, 0x00000000f1ae0000, 0x00000000f1ae0000)
  to   space 2752K,   0% used [0x00000000f1580000, 0x00000000f1580000, 0x00000000f1830000)
 tenured generation   total 54948K, used 39441K [0x00000000f5550000, 0x00000000f8af9000, 0x0000000100000000)
   the space 54948K,  71% used [0x00000000f5550000, 0x00000000f7bd4408, 0x00000000f7bd4600, 0x00000000f8af9000)
 Metaspace       used 18115K, capacity 18274K, committed 18560K, reserved 1064960K
  class space    used 2842K, capacity 2878K, committed 2944K, reserved 1048576K
Event: 4.514 GC heap after
Heap after GC invocations=10 (full 2):
 def new generation   total 24768K, used 2752K [0x00000000f0000000, 0x00000000f1ae0000, 0x00000000f5550000)
  eden space 22016K,   0% used [0x00000000f0000000, 0x00000000f0000000, 0x00000000f1580000)
  from space 2752K, 100% used [0x00000000f1580000, 0x00000000f1830000, 0x00000000f1830000)
  to   space 2752K,   0% used [0x00000000f1830000, 0x00000000f1830000, 0x00000000f1ae0000)
 tenured generation   total 54948K, used 44245K [0x00000000f5550000, 0x00000000f8af9000, 0x0000000100000000)
   the space 54948K,  80% used [0x00000000f5550000, 0x00000000f8085448, 0x00000000f8085600, 0x00000000f8af9000)
 Metaspace       used 18115K, capacity 18274K, committed 18560K, reserved 1064960K
  class space    used 2842K, capacity 2878K, committed 2944K, reserved 1048576K
}
Event: 5.762 GC heap before
{Heap before GC invocations=10 (full 2):
 def new generation   total 24768K, used 22864K [0x00000000f0000000, 0x00000000f1ae0000, 0x00000000f5550000)
  eden space 22016K,  91% used [0x00000000f0000000, 0x00000000f13a42c0, 0x00000000f1580000)
  from space 2752K, 100% used [0x00000000f1580000, 0x00000000f1830000, 0x00000000f1830000)
  to   space 2752K,   0% used [0x00000000f1830000, 0x00000000f1830000, 0x00000000f1ae0000)
 tenured generation   total 54948K, used 44245K [0x00000000f5550000, 0x00000000f8af9000, 0x0000000100000000)
   the space 54948K,  80% used [0x00000000f5550000, 0x00000000f8085448, 0x00000000f8085600, 0x00000000f8af9000)
 Metaspace       used 21018K, capacity 21090K, committed 21248K, reserved 1067008K
  class space    used 3482K, capacity 3518K, committed 3584K, reserved 1048576K
Event: 5.983 GC heap after
Heap after GC invocations=11 (full 3):
 def new generation   total 35328K, used 0K [0x00000000f0000000, 0x00000000f2650000, 0x00000000f5550000)
  eden space 31424K,   0% used [0x00000000f0000000, 0x00000000f0000000, 0x00000000f1eb0000)
  from space 3904K,   0% used [0x00000000f1eb0000, 0x00000000f1eb0000, 0x00000000f2280000)
  to   space 3904K,   0% used [0x00000000f2280000, 0x00000000f2280000, 0x00000000f2650000)
 tenured generation   total 78428K, used 47054K [0x00000000f5550000, 0x00000000fa1e7000, 0x0000000100000000)
   the space 78428K,  59% used [0x00000000f5550000, 0x00000000f8343b30, 0x00000000f8343c00, 0x00000000fa1e7000)
 Metaspace       used 21018K, capacity 21090K, committed 21248K, reserved 1067008K
  class space    used 3482K, capacity 3518K, committed 3584K, reserved 1048576K
}
Event: 7.054 GC heap before
{Heap before GC invocations=11 (full 3):
 def new generation   total 35328K, used 31424K [0x00000000f0000000, 0x00000000f2650000, 0x00000000f5550000)
  eden space 31424K, 100% used [0x00000000f0000000, 0x00000000f1eb0000, 0x00000000f1eb0000)
  from space 3904K,   0% used [0x00000000f1eb0000, 0x00000000f1eb0000, 0x00000000f2280000)
  to   space 3904K,   0% used [0x00000000f2280000, 0x00000000f2280000, 0x00000000f2650000)
 tenured generation   total 78428K, used 47054K [0x00000000f5550000, 0x00000000fa1e7000, 0x0000000100000000)
   the space 78428K,  59% used [0x00000000f5550000, 0x00000000f8343b30, 0x00000000f8343c00, 0x00000000fa1e7000)
 Metaspace       used 23114K, capacity 23322K, committed 23808K, reserved 1069056K
  class space    used 3926K, capacity 3981K, committed 4096K, reserved 1048576K
Event: 7.067 GC heap after
Heap after GC invocations=12 (full 3):
 def new generation   total 35328K, used 2446K [0x00000000f0000000, 0x00000000f2650000, 0x00000000f5550000)
  eden space 31424K,   0% used [0x00000000f0000000, 0x00000000f0000000, 0x00000000f1eb0000)
  from space 3904K,  62% used [0x00000000f2280000, 0x00000000f24e3950, 0x00000000f2650000)
  to   space 3904K,   0% used [0x00000000f1eb0000, 0x00000000f1eb0000, 0x00000000f2280000)
 tenured generation   total 78428K, used 47054K [0x00000000f5550000, 0x00000000fa1e7000, 0x0000000100000000)
   the space 78428K,  59% used [0x00000000f5550000, 0x00000000f8343b30, 0x00000000f8343c00, 0x00000000fa1e7000)
 Metaspace       used 23114K, capacity 23322K, committed 23808K, reserved 1069056K
  class space    used 3926K, capacity 3981K, committed 4096K, reserved 1048576K
}
Event: 8.276 GC heap before
{Heap before GC invocations=12 (full 3):
 def new generation   total 35328K, used 33870K [0x00000000f0000000, 0x00000000f2650000, 0x00000000f5550000)
  eden space 31424K, 100% used [0x00000000f0000000, 0x00000000f1eb0000, 0x00000000f1eb0000)
  from space 3904K,  62% used [0x00000000f2280000, 0x00000000f24e3950, 0x00000000f2650000)
  to   space 3904K,   0% used [0x00000000f1eb0000, 0x00000000f1eb0000, 0x00000000f2280000)
 tenured generation   total 78428K, used 47054K [0x00000000f5550000, 0x00000000fa1e7000, 0x0000000100000000)
   the space 78428K,  59% used [0x00000000f5550000, 0x00000000f8343b30, 0x00000000f8343c00, 0x00000000fa1e7000)
 Metaspace       used 27381K, capacity 27526K, committed 27904K, reserved 1073152K
  class space    used 4792K, capacity 4847K, committed 4864K, reserved 1048576K
Event: 8.290 GC heap after
Heap after GC invocations=13 (full 3):
 def new generation   total 35328K, used 3903K [0x00000000f0000000, 0x00000000f2650000, 0x00000000f5550000)
  eden space 31424K,   0% used [0x00000000f0000000, 0x00000000f0000000, 0x00000000f1eb0000)
  from space 3904K,  99% used [0x00000000f1eb0000, 0x00000000f227fff0, 0x00000000f2280000)
  to   space 3904K,   0% used [0x00000000f2280000, 0x00000000f2280000, 0x00000000f2650000)
 tenured generation   total 78428K, used 49071K [0x00000000f5550000, 0x00000000fa1e7000, 0x0000000100000000)
   the space 78428K,  62% used [0x00000000f5550000, 0x00000000f853bcb8, 0x00000000f853be00, 0x00000000fa1e7000)
 Metaspace       used 27381K, capacity 27526K, committed 27904K, reserved 1073152K
  class space    used 4792K, capacity 4847K, committed 4864K, reserved 1048576K
}
Event: 460.323 GC heap before
{Heap before GC invocations=13 (full 3):
 def new generation   total 35328K, used 35327K [0x00000000f0000000, 0x00000000f2650000, 0x00000000f5550000)
  eden space 31424K, 100% used [0x00000000f0000000, 0x00000000f1eb0000, 0x00000000f1eb0000)
  from space 3904K,  99% used [0x00000000f1eb0000, 0x00000000f227fff0, 0x00000000f2280000)
  to   space 3904K,   0% used [0x00000000f2280000, 0x00000000f2280000, 0x00000000f2650000)
 tenured generation   total 78428K, used 49071K [0x00000000f5550000, 0x00000000fa1e7000, 0x0000000100000000)
   the space 78428K,  62% used [0x00000000f5550000, 0x00000000f853bcb8, 0x00000000f853be00, 0x00000000fa1e7000)
 Metaspace       used 31944K, capacity 32198K, committed 32640K, reserved 1077248K
  class space    used 5354K, capacity 5443K, committed 5504K, reserved 1048576K
Event: 460.332 GC heap after
Heap after GC invocations=14 (full 3):
 def new generation   total 35328K, used 3407K [0x00000000f0000000, 0x00000000f2650000, 0x00000000f5550000)
  eden space 31424K,   0% used [0x00000000f0000000, 0x00000000f0000000, 0x00000000f1eb0000)
  from space 3904K,  87% used [0x00000000f2280000, 0x00000000f25d3f50, 0x00000000f2650000)
  to   space 3904K,   0% used [0x00000000f1eb0000, 0x00000000f1eb0000, 0x00000000f2280000)
 tenured generation   total 78428K, used 50323K [0x00000000f5550000, 0x00000000fa1e7000, 0x0000000100000000)
   the space 78428K,  64% used [0x00000000f5550000, 0x00000000f8674dd0, 0x00000000f8674e00, 0x00000000fa1e7000)
 Metaspace       used 31944K, capacity 32198K, committed 32640K, reserved 1077248K
  class space    used 5354K, capacity 5443K, committed 5504K, reserved 1048576K
}

