# JRE version: Java(TM) SE Runtime Environment (8.0_121-b13) (build 1.8.0_121-b13)
# Java VM: Java HotSpot(TM) 64-Bit Server VM (25.121-b13 mixed mode linux-amd64 compressed oops)
Heap:
 def new generation   total 38144K, used 23457K [0x00000000c0000000, 0x00000000c2960000, 0x00000000d5550000)
  eden space 33920K,  68% used [0x00000000c0000000, 0x00000000c16cea20, 0x00000000c2120000)
  from space 4224K,   2% used [0x00000000c2540000, 0x00000000c2559b20, 0x00000000c2960000)
  to   space 4224K,   0% used [0x00000000c2120000, 0x00000000c2120000, 0x00000000c2540000)
 tenured generation   total 84600K, used 53080K [0x00000000d5550000, 0x00000000da7ee000, 0x0000000100000000)
   the space 84600K,  62% used [0x00000000d5550000, 0x00000000d89260f0, 0x00000000d8926200, 0x00000000da7ee000)
 Metaspace       used 42521K, capacity 43046K, committed 43224K, reserved 1085440K
  class space    used 7447K, capacity 7579K, committed 7640K, reserved 1048576K
GC Heap History (10 events):
Event: 761.813 GC heap before
{Heap before GC invocations=40 (full 4):
 def new generation   total 38144K, used 34658K [0x00000000c0000000, 0x00000000c2960000, 0x00000000d5550000)
  eden space 33920K, 100% used [0x00000000c0000000, 0x00000000c2120000, 0x00000000c2120000)
  from space 4224K,  17% used [0x00000000c2120000, 0x00000000c21d8ab0, 0x00000000c2540000)
  to   space 4224K,   0% used [0x00000000c2540000, 0x00000000c2540000, 0x00000000c2960000)
 tenured generation   total 84600K, used 52482K [0x00000000d5550000, 0x00000000da7ee000, 0x0000000100000000)
   the space 84600K,  62% used [0x00000000d5550000, 0x00000000d8890818, 0x00000000d8890a00, 0x00000000da7ee000)
 Metaspace       used 42374K, capacity 42886K, committed 43224K, reserved 1085440K
  class space    used 7440K, capacity 7547K, committed 7640K, reserved 1048576K
Event: 761.817 GC heap after
Heap after GC invocations=41 (full 4):
 def new generation   total 38144K, used 743K [0x00000000c0000000, 0x00000000c2960000, 0x00000000d5550000)
  eden space 33920K,   0% used [0x00000000c0000000, 0x00000000c0000000, 0x00000000c2120000)
  from space 4224K,  17% used [0x00000000c2540000, 0x00000000c25f9ea8, 0x00000000c2960000)
  to   space 4224K,   0% used [0x00000000c2120000, 0x00000000c2120000, 0x00000000c2540000)
 tenured generation   total 84600K, used 52482K [0x00000000d5550000, 0x00000000da7ee000, 0x0000000100000000)
   the space 84600K,  62% used [0x00000000d5550000, 0x00000000d8890818, 0x00000000d8890a00, 0x00000000da7ee000)
 Metaspace       used 42374K, capacity 42886K, committed 43224K, reserved 1085440K
  class space    used 7440K, capacity 7547K, committed 7640K, reserved 1048576K
}
Event: 792.000 GC heap before
{Heap before GC invocations=41 (full 4):
 def new generation   total 38144K, used 34663K [0x00000000c0000000, 0x00000000c2960000, 0x00000000d5550000)
  eden space 33920K, 100% used [0x00000000c0000000, 0x00000000c2120000, 0x00000000c2120000)
  from space 4224K,  17% used [0x00000000c2540000, 0x00000000c25f9ea8, 0x00000000c2960000)
  to   space 4224K,   0% used [0x00000000c2120000, 0x00000000c2120000, 0x00000000c2540000)
 tenured generation   total 84600K, used 52482K [0x00000000d5550000, 0x00000000da7ee000, 0x0000000100000000)
   the space 84600K,  62% used [0x00000000d5550000, 0x00000000d8890818, 0x00000000d8890a00, 0x00000000da7ee000)
 Metaspace       used 42397K, capacity 42950K, committed 43224K, reserved 1085440K
  class space    used 7440K, capacity 7547K, committed 7640K, reserved 1048576K
Event: 792.005 GC heap after
Heap after GC invocations=42 (full 4):
 def new generation   total 38144K, used 698K [0x00000000c0000000, 0x00000000c2960000, 0x00000000d5550000)
  eden space 33920K,   0% used [0x00000000c0000000, 0x00000000c0000000, 0x00000000c2120000)
  from space 4224K,  16% used [0x00000000c2120000, 0x00000000c21cea90, 0x00000000c2540000)
  to   space 4224K,   0% used [0x00000000c2540000, 0x00000000c2540000, 0x00000000c2960000)
 tenured generation   total 84600K, used 52482K [0x00000000d5550000, 0x00000000da7ee000, 0x0000000100000000)
   the space 84600K,  62% used [0x00000000d5550000, 0x00000000d8890818, 0x00000000d8890a00, 0x00000000da7ee000)
 Metaspace       used 42397K, capacity 42950K, committed 43224K, reserved 1085440K
  class space    used 7440K, capacity 7547K, committed 7640K, reserved 1048576K
}
Event: 822.174 GC heap before
{Heap before GC invocations=42 (full 4):
 def new generation   total 38144K, used 34618K [0x00000000c0000000, 0x00000000c2960000, 0x00000000d5550000)
  eden space 33920K, 100% used [0x00000000c0000000, 0x00000000c2120000, 0x00000000c2120000)
  from space 4224K,  16% used [0x00000000c2120000, 0x00000000c21cea90, 0x00000000c2540000)
  to   space 4224K,   0% used [0x00000000c2540000, 0x00000000c2540000, 0x00000000c2960000)
 tenured generation   total 84600K, used 52482K [0x00000000d5550000, 0x00000000da7ee000, 0x0000000100000000)
   the space 84600K,  62% used [0x00000000d5550000, 0x00000000d8890818, 0x00000000d8890a00, 0x00000000da7ee000)
 Metaspace       used 42421K, capacity 42950K, committed 43224K, reserved 1085440K
  class space    used 7440K, capacity 7547K, committed 7640K, reserved 1048576K
Event: 822.178 GC heap after
Heap after GC invocations=43 (full 4):
 def new generation   total 38144K, used 600K [0x00000000c0000000, 0x00000000c2960000, 0x00000000d5550000)
  eden space 33920K,   0% used [0x00000000c0000000, 0x00000000c0000000, 0x00000000c2120000)
  from space 4224K,  14% used [0x00000000c2540000, 0x00000000c25d6318, 0x00000000c2960000)
  to   space 4224K,   0% used [0x00000000c2120000, 0x00000000c2120000, 0x00000000c2540000)
 tenured generation   total 84600K, used 52585K [0x00000000d5550000, 0x00000000da7ee000, 0x0000000100000000)
   the space 84600K,  62% used [0x00000000d5550000, 0x00000000d88aa640, 0x00000000d88aa800, 0x00000000da7ee000)
 Metaspace       used 42421K, capacity 42950K, committed 43224K, reserved 1085440K
  class space    used 7440K, capacity 7547K, committed 7640K, reserved 1048576K
}
Event: 852.302 GC heap before
{Heap before GC invocations=43 (full 4):
 def new generation   total 38144K, used 34520K [0x00000000c0000000, 0x00000000c2960000, 0x00000000d5550000)
  eden space 33920K, 100% used [0x00000000c0000000, 0x00000000c2120000, 0x00000000c2120000)
  from space 4224K,  14% used [0x00000000c2540000, 0x00000000c25d6318, 0x00000000c2960000)
  to   space 4224K,   0% used [0x00000000c2120000, 0x00000000c2120000, 0x00000000c2540000)
 tenured generation   total 84600K, used 52585K [0x00000000d5550000, 0x00000000da7ee000, 0x0000000100000000)
   the space 84600K,  62% used [0x00000000d5550000, 0x00000000d88aa640, 0x00000000d88aa800, 0x00000000da7ee000)
 Metaspace       used 42450K, capacity 42950K, committed 43224K, reserved 1085440K
  class space    used 7440K, capacity 7547K, committed 7640K, reserved 1048576K
Event: 852.306 GC heap after
Heap after GC invocations=44 (full 4):
 def new generation   total 38144K, used 185K [0x00000000c0000000, 0x00000000c2960000, 0x00000000d5550000)
  eden space 33920K,   0% used [0x00000000c0000000, 0x00000000c0000000, 0x00000000c2120000)
  from space 4224K,   4% used [0x00000000c2120000, 0x00000000c214e550, 0x00000000c2540000)
  to   space 4224K,   0% used [0x00000000c2540000, 0x00000000c2540000, 0x00000000c2960000)
 tenured generation   total 84600K, used 53035K [0x00000000d5550000, 0x00000000da7ee000, 0x0000000100000000)
   the space 84600K,  62% used [0x00000000d5550000, 0x00000000d891ad08, 0x00000000d891ae00, 0x00000000da7ee000)
 Metaspace       used 42450K, capacity 42950K, committed 43224K, reserved 1085440K
  class space    used 7440K, capacity 7547K, committed 7640K, reserved 1048576K
}
Event: 882.442 GC heap before
{Heap before GC invocations=44 (full 4):
 def new generation   total 38144K, used 34105K [0x00000000c0000000, 0x00000000c2960000, 0x00000000d5550000)
  eden space 33920K, 100% used [0x00000000c0000000, 0x00000000c2120000, 0x00000000c2120000)
  from space 4224K,   4% used [0x00000000c2120000, 0x00000000c214e550, 0x00000000c2540000)
  to   space 4224K,   0% used [0x00000000c2540000, 0x00000000c2540000, 0x00000000c2960000)
 tenured generation   total 84600K, used 53035K [0x00000000d5550000, 0x00000000da7ee000, 0x0000000100000000)
   the space 84600K,  62% used [0x00000000d5550000, 0x00000000d891ad08, 0x00000000d891ae00, 0x00000000da7ee000)
 Metaspace       used 42459K, capacity 42950K, committed 43224K, reserved 1085440K
  class space    used 7440K, capacity 7547K, committed 7640K, reserved 1048576K
Event: 882.444 GC heap after
Heap after GC invocations=45 (full 4):
 def new generation   total 38144K, used 102K [0x00000000c0000000, 0x00000000c2960000, 0x00000000d5550000)
  eden space 33920K,   0% used [0x00000000c0000000, 0x00000000c0000000, 0x00000000c2120000)
  from space 4224K,   2% used [0x00000000c2540000, 0x00000000c2559b20, 0x00000000c2960000)
  to   space 4224K,   0% used [0x00000000c2120000, 0x00000000c2120000, 0x00000000c2540000)
 tenured generation   total 84600K, used 53080K [0x00000000d5550000, 0x00000000da7ee000, 0x0000000100000000)
   the space 84600K,  62% used [0x00000000d5550000, 0x00000000d89260f0, 0x00000000d8926200, 0x00000000da7ee000)
 Metaspace       used 42459K, capacity 42950K, committed 43224K, reserved 1085440K
  class space    used 7440K, capacity 7547K, committed 7640K, reserved 1048576K
}

